Vivado Simulator 2020.1
Copyright 1986-1999, 2001-2020 Xilinx, Inc. All Rights Reserved.
Running: E:/program_files/Vivado/2020.1/bin/unwrapped/win64.o/xelab.exe -wto 73048c6165044e87be9673fa1eae8fe7 --incr --debug typical --relax --mt 2 -L xil_defaultlib -L unisims_ver -L unimacro_ver -L secureip --snapshot testbench_Top_behav xil_defaultlib.testbench_Top xil_defaultlib.glbl -log elaborate.log 
Using 2 slave threads.
Starting static elaboration
Pass Through NonSizing Optimizer
WARNING: [VRFC 10-3091] actual bit length 32 differs from formal bit length 64 for port 'b' [E:/pipelined_riscv_processor/src_files/Processor_Top.v:90]
Completed static elaboration
Starting simulation data flow analysis
Completed simulation data flow analysis
Time Resolution for simulation is 1ps
Compiling module xil_defaultlib.Program_Counter
Compiling module xil_defaultlib.Adder
Compiling module xil_defaultlib.Mux_2x1
Compiling module xil_defaultlib.Instruction_Memory
Compiling module xil_defaultlib.Instruction_Parser
Compiling module xil_defaultlib.Control_Unit
Compiling module xil_defaultlib.Imm_Data_Extractor
Compiling module xil_defaultlib.Register_File_SC
Compiling module xil_defaultlib.ALU_Control
Compiling module xil_defaultlib.ALU_64_bit
Compiling module xil_defaultlib.Data_Memory
Compiling module xil_defaultlib.Processor_Top
Compiling module xil_defaultlib.testbench_Top
Compiling module xil_defaultlib.glbl
Built simulation snapshot testbench_Top_behav
