#-----------------------------------------------------------
# Vivado v2020.1 (64-bit)
# SW Build 2902540 on Wed May 27 19:54:49 MDT 2020
# IP Build 2902112 on Wed May 27 22:43:36 MDT 2020
# Start of session at: Tue Apr 18 10:58:05 2023
# Process ID: 8284
# Current directory: E:/pipelined_riscv_processor/pipelined_processor
# Command line: vivado.exe -gui_launcher_event rodinguilauncherevent14996 E:\pipelined_riscv_processor\pipelined_processor\pipelined_processor.xpr
# Log file: E:/pipelined_riscv_processor/pipelined_processor/vivado.log
# Journal file: E:/pipelined_riscv_processor/pipelined_processor\vivado.jou
#-----------------------------------------------------------
start_gui
oopen_project E:/pipelined_riscv_processor/pipelined_processor/pipelined_processor.xprIINFO: [Project 1-313] Project file moved from 'E:/pipelined_processor' since last save.
Scanning sources...
Finished scanning sources
WARNING: [filemgmt 56-2] Default IP Output Path : Could not find the directory 'E:/pipelined_riscv_processor/pipelined_processor/pipelined_processor.srcs/sources_1', nor could it be found using path 'E:/pipelined_processor/pipelined_processor.srcs/sources_1'.
INFO: [IP_Flow 19-234] Refreshing IP repositories
INFO: [IP_Flow 19-1704] No user IP repositories specified
INFO: [IP_Flow 19-2313] Loaded Vivado IP repository 'E:/program_files/Vivado/2020.1/data/ip'.oopen_project: Time (s): cpu = 00:00:28 ; elapsed = 00:00:27 . Memory (MB): peak = 1217.223 ; gain = 0.000eadd_files -norecurse {E:/pipelined_riscv_processor/src_files/Mux_2x1.v E:/pipelined_riscv_processor/src_files/Register_File.v E:/pipelined_riscv_processor/src_files/ALU_64_bit.v E:/pipelined_riscv_processor/src_files/Control_Unit.v E:/pipelined_riscv_processor/src_files/Program_Counter.v E:/pipelined_riscv_processor/src_files/Instruction_Parser.v E:/pipelined_riscv_processor/src_files/Imm_Data_Extractor.v E:/pipelined_riscv_processor/src_files/Instruction_Memory.v E:/pipelined_riscv_processor/src_files/ALU_Control.v E:/pipelined_riscv_processor/src_files/Adder.v E:/pipelined_riscv_processor/src_files/Data_Memory.v E:/pipelined_riscv_processor/src_files/Processor_Top.v}
update_compile_order -fileset sources_1
update_compile_order -fileset sources_1
file mkdir E:/pipelined_riscv_processor/pipelined_processor/pipelined_processor.srcs/sim_1/new
set_property SOURCE_SET sources_1 [get_filesets sim_1]
close [ open E:/pipelined_riscv_processor/pipelined_processor/pipelined_processor.srcs/sim_1/new/testbench_Top.v w ]
add_files -fileset sim_1 E:/pipelined_riscv_processor/pipelined_processor/pipelined_processor.srcs/sim_1/new/testbench_Top.v
update_compile_order -fileset sim_1
update_compile_order -fileset sim_1
add_files -norecurse E:/pipelined_riscv_processor/instructions.mem
launch_simulation
Command: launch_simulation 
INFO: [Vivado 12-5682] Launching behavioral simulation in 'E:/pipelined_riscv_processor/pipelined_processor/pipelined_processor.sim/sim_1/behav/xsim'
INFO: [SIM-utils-51] Simulation object is 'sim_1'
INFO: [SIM-utils-54] Inspecting design source files for 'testbench_Top' in fileset 'sim_1'...
INFO: [SIM-utils-43] Exported 'E:/pipelined_riscv_processor/pipelined_processor/pipelined_processor.sim/sim_1/behav/xsim/instructions.mem'
INFO: [USF-XSim-97] Finding global include files...
INFO: [USF-XSim-98] Fetching design files from 'sim_1'...
INFO: [USF-XSim-2] XSim::Compile design
INFO: [USF-XSim-61] Executing 'COMPILE and ANALYZE' step in 'E:/pipelined_riscv_processor/pipelined_processor/pipelined_processor.sim/sim_1/behav/xsim'
"xvlog --incr --relax -prj testbench_Top_vlog.prj"
INFO: [VRFC 10-2263] Analyzing Verilog file "E:/pipelined_riscv_processor/src_files/ALU_64_bit.v" into library xil_defaultlib
INFO: [VRFC 10-311] analyzing module ALU_64_bit
INFO: [VRFC 10-2263] Analyzing Verilog file "E:/pipelined_riscv_processor/src_files/ALU_Control.v" into library xil_defaultlib
INFO: [VRFC 10-311] analyzing module ALU_Control
INFO: [VRFC 10-2263] Analyzing Verilog file "E:/pipelined_riscv_processor/src_files/Adder.v" into library xil_defaultlib
INFO: [VRFC 10-311] analyzing module Adder
INFO: [VRFC 10-2263] Analyzing Verilog file "E:/pipelined_riscv_processor/src_files/Control_Unit.v" into library xil_defaultlib
INFO: [VRFC 10-311] analyzing module Control_Unit
INFO: [VRFC 10-2263] Analyzing Verilog file "E:/pipelined_riscv_processor/src_files/Data_Memory.v" into library xil_defaultlib
INFO: [VRFC 10-311] analyzing module Data_Memory
ERROR: [VRFC 10-2989] 'Mem_Addr' is not declared [E:/pipelined_riscv_processor/src_files/Data_Memory.v:47]
ERROR: [VRFC 10-2989] 'Mem_Addr' is not declared [E:/pipelined_riscv_processor/src_files/Data_Memory.v:48]
ERROR: [VRFC 10-2989] 'Mem_Addr' is not declared [E:/pipelined_riscv_processor/src_files/Data_Memory.v:49]
ERROR: [VRFC 10-2989] 'Mem_Addr' is not declared [E:/pipelined_riscv_processor/src_files/Data_Memory.v:50]
ERROR: [VRFC 10-2989] 'Mem_Addr' is not declared [E:/pipelined_riscv_processor/src_files/Data_Memory.v:51]
ERROR: [VRFC 10-2989] 'Mem_Addr' is not declared [E:/pipelined_riscv_processor/src_files/Data_Memory.v:52]
ERROR: [VRFC 10-2989] 'Mem_Addr' is not declared [E:/pipelined_riscv_processor/src_files/Data_Memory.v:53]
ERROR: [VRFC 10-2989] 'Mem_Addr' is not declared [E:/pipelined_riscv_processor/src_files/Data_Memory.v:54]
ERROR: [VRFC 10-2989] 'Mem_Addr' is not declared [E:/pipelined_riscv_processor/src_files/Data_Memory.v:65]
ERROR: [VRFC 10-2989] 'Mem_Addr' is not declared [E:/pipelined_riscv_processor/src_files/Data_Memory.v:66]
ERROR: [VRFC 10-2989] 'Mem_Addr' is not declared [E:/pipelined_riscv_processor/src_files/Data_Memory.v:67]
ERROR: [VRFC 10-2989] 'Mem_Addr' is not declared [E:/pipelined_riscv_processor/src_files/Data_Memory.v:68]
ERROR: [VRFC 10-2989] 'Mem_Addr' is not declared [E:/pipelined_riscv_processor/src_files/Data_Memory.v:69]
ERROR: [VRFC 10-2989] 'Mem_Addr' is not declared [E:/pipelined_riscv_processor/src_files/Data_Memory.v:70]
ERROR: [VRFC 10-2989] 'Mem_Addr' is not declared [E:/pipelined_riscv_processor/src_files/Data_Memory.v:71]
ERROR: [VRFC 10-2989] 'Mem_Addr' is not declared [E:/pipelined_riscv_processor/src_files/Data_Memory.v:72]
ERROR: [VRFC 10-2865] module 'Data_Memory' ignored due to previous errors [E:/pipelined_riscv_processor/src_files/Data_Memory.v:23]
INFO: [USF-XSim-69] 'compile' step finished in '4' seconds
INFO: [USF-XSim-99] Step results log file:'E:/pipelined_riscv_processor/pipelined_processor/pipelined_processor.sim/sim_1/behav/xsim/xvlog.log'
ERROR: [USF-XSim-62] 'compile' step failed with error(s). Please check the Tcl console output or 'E:/pipelined_riscv_processor/pipelined_processor/pipelined_processor.sim/sim_1/behav/xsim/xvlog.log' file for more information.
ERROR: [Vivado 12-4473] Detected error while running simulation. Please correct the issue and retry this operation.
launch_simulation: Time (s): cpu = 00:00:01 ; elapsed = 00:00:06 . Memory (MB): peak = 1217.223 ; gain = 0.000
ERROR: [Common 17-39] 'launch_simulation' failed due to earlier errors.
launch_simulation
Command: launch_simulation 
INFO: [Vivado 12-5682] Launching behavioral simulation in 'E:/pipelined_riscv_processor/pipelined_processor/pipelined_processor.sim/sim_1/behav/xsim'
INFO: [SIM-utils-51] Simulation object is 'sim_1'
INFO: [SIM-utils-54] Inspecting design source files for 'testbench_Top' in fileset 'sim_1'...
INFO: [SIM-utils-43] Exported 'E:/pipelined_riscv_processor/pipelined_processor/pipelined_processor.sim/sim_1/behav/xsim/instructions.mem'
INFO: [USF-XSim-97] Finding global include files...
INFO: [USF-XSim-98] Fetching design files from 'sim_1'...
INFO: [USF-XSim-2] XSim::Compile design
INFO: [USF-XSim-61] Executing 'COMPILE and ANALYZE' step in 'E:/pipelined_riscv_processor/pipelined_processor/pipelined_processor.sim/sim_1/behav/xsim'
"xvlog --incr --relax -prj testbench_Top_vlog.prj"
INFO: [VRFC 10-2263] Analyzing Verilog file "E:/pipelined_riscv_processor/src_files/ALU_64_bit.v" into library xil_defaultlib
INFO: [VRFC 10-311] analyzing module ALU_64_bit
INFO: [VRFC 10-2263] Analyzing Verilog file "E:/pipelined_riscv_processor/src_files/ALU_Control.v" into library xil_defaultlib
INFO: [VRFC 10-311] analyzing module ALU_Control
INFO: [VRFC 10-2263] Analyzing Verilog file "E:/pipelined_riscv_processor/src_files/Adder.v" into library xil_defaultlib
INFO: [VRFC 10-311] analyzing module Adder
INFO: [VRFC 10-2263] Analyzing Verilog file "E:/pipelined_riscv_processor/src_files/Control_Unit.v" into library xil_defaultlib
INFO: [VRFC 10-311] analyzing module Control_Unit
INFO: [VRFC 10-2263] Analyzing Verilog file "E:/pipelined_riscv_processor/src_files/Data_Memory.v" into library xil_defaultlib
INFO: [VRFC 10-311] analyzing module Data_Memory
ERROR: [VRFC 10-2989] 'Mem_Addr' is not declared [E:/pipelined_riscv_processor/src_files/Data_Memory.v:65]
ERROR: [VRFC 10-2989] 'Mem_Addr' is not declared [E:/pipelined_riscv_processor/src_files/Data_Memory.v:66]
ERROR: [VRFC 10-2989] 'Mem_Addr' is not declared [E:/pipelined_riscv_processor/src_files/Data_Memory.v:67]
ERROR: [VRFC 10-2989] 'Mem_Addr' is not declared [E:/pipelined_riscv_processor/src_files/Data_Memory.v:68]
ERROR: [VRFC 10-2989] 'Mem_Addr' is not declared [E:/pipelined_riscv_processor/src_files/Data_Memory.v:69]
ERROR: [VRFC 10-2989] 'Mem_Addr' is not declared [E:/pipelined_riscv_processor/src_files/Data_Memory.v:70]
ERROR: [VRFC 10-2989] 'Mem_Addr' is not declared [E:/pipelined_riscv_processor/src_files/Data_Memory.v:71]
ERROR: [VRFC 10-2989] 'Mem_Addr' is not declared [E:/pipelined_riscv_processor/src_files/Data_Memory.v:72]
ERROR: [VRFC 10-2865] module 'Data_Memory' ignored due to previous errors [E:/pipelined_riscv_processor/src_files/Data_Memory.v:23]
INFO: [USF-XSim-69] 'compile' step finished in '2' seconds
INFO: [USF-XSim-99] Step results log file:'E:/pipelined_riscv_processor/pipelined_processor/pipelined_processor.sim/sim_1/behav/xsim/xvlog.log'
ERROR: [USF-XSim-62] 'compile' step failed with error(s). Please check the Tcl console output or 'E:/pipelined_riscv_processor/pipelined_processor/pipelined_processor.sim/sim_1/behav/xsim/xvlog.log' file for more information.
ERROR: [Vivado 12-4473] Detected error while running simulation. Please correct the issue and retry this operation.
ERROR: [Common 17-39] 'launch_simulation' failed due to earlier errors.
launch_simulation
Command: launch_simulation 
INFO: [Vivado 12-5682] Launching behavioral simulation in 'E:/pipelined_riscv_processor/pipelined_processor/pipelined_processor.sim/sim_1/behav/xsim'
INFO: [SIM-utils-51] Simulation object is 'sim_1'
INFO: [SIM-utils-54] Inspecting design source files for 'testbench_Top' in fileset 'sim_1'...
INFO: [SIM-utils-43] Exported 'E:/pipelined_riscv_processor/pipelined_processor/pipelined_processor.sim/sim_1/behav/xsim/instructions.mem'
INFO: [USF-XSim-97] Finding global include files...
INFO: [USF-XSim-98] Fetching design files from 'sim_1'...
INFO: [USF-XSim-2] XSim::Compile design
INFO: [USF-XSim-61] Executing 'COMPILE and ANALYZE' step in 'E:/pipelined_riscv_processor/pipelined_processor/pipelined_processor.sim/sim_1/behav/xsim'
"xvlog --incr --relax -prj testbench_Top_vlog.prj"
INFO: [VRFC 10-2263] Analyzing Verilog file "E:/pipelined_riscv_processor/src_files/ALU_64_bit.v" into library xil_defaultlib
INFO: [VRFC 10-311] analyzing module ALU_64_bit
INFO: [VRFC 10-2263] Analyzing Verilog file "E:/pipelined_riscv_processor/src_files/ALU_Control.v" into library xil_defaultlib
INFO: [VRFC 10-311] analyzing module ALU_Control
INFO: [VRFC 10-2263] Analyzing Verilog file "E:/pipelined_riscv_processor/src_files/Adder.v" into library xil_defaultlib
INFO: [VRFC 10-311] analyzing module Adder
INFO: [VRFC 10-2263] Analyzing Verilog file "E:/pipelined_riscv_processor/src_files/Control_Unit.v" into library xil_defaultlib
INFO: [VRFC 10-311] analyzing module Control_Unit
INFO: [VRFC 10-2263] Analyzing Verilog file "E:/pipelined_riscv_processor/src_files/Data_Memory.v" into library xil_defaultlib
INFO: [VRFC 10-311] analyzing module Data_Memory
ERROR: [VRFC 10-2989] 'Mem_Addr' is not declared [E:/pipelined_riscv_processor/src_files/Data_Memory.v:65]
ERROR: [VRFC 10-2989] 'Mem_Addr' is not declared [E:/pipelined_riscv_processor/src_files/Data_Memory.v:66]
ERROR: [VRFC 10-2989] 'Mem_Addr' is not declared [E:/pipelined_riscv_processor/src_files/Data_Memory.v:67]
ERROR: [VRFC 10-2989] 'Mem_Addr' is not declared [E:/pipelined_riscv_processor/src_files/Data_Memory.v:68]
ERROR: [VRFC 10-2989] 'Mem_Addr' is not declared [E:/pipelined_riscv_processor/src_files/Data_Memory.v:69]
ERROR: [VRFC 10-2989] 'Mem_Addr' is not declared [E:/pipelined_riscv_processor/src_files/Data_Memory.v:70]
ERROR: [VRFC 10-2989] 'Mem_Addr' is not declared [E:/pipelined_riscv_processor/src_files/Data_Memory.v:71]
ERROR: [VRFC 10-2989] 'Mem_Addr' is not declared [E:/pipelined_riscv_processor/src_files/Data_Memory.v:72]
ERROR: [VRFC 10-2865] module 'Data_Memory' ignored due to previous errors [E:/pipelined_riscv_processor/src_files/Data_Memory.v:23]
INFO: [USF-XSim-69] 'compile' step finished in '2' seconds
INFO: [USF-XSim-99] Step results log file:'E:/pipelined_riscv_processor/pipelined_processor/pipelined_processor.sim/sim_1/behav/xsim/xvlog.log'
ERROR: [USF-XSim-62] 'compile' step failed with error(s). Please check the Tcl console output or 'E:/pipelined_riscv_processor/pipelined_processor/pipelined_processor.sim/sim_1/behav/xsim/xvlog.log' file for more information.
ERROR: [Vivado 12-4473] Detected error while running simulation. Please correct the issue and retry this operation.
ERROR: [Common 17-39] 'launch_simulation' failed due to earlier errors.
launch_simulation
Command: launch_simulation 
INFO: [Vivado 12-5682] Launching behavioral simulation in 'E:/pipelined_riscv_processor/pipelined_processor/pipelined_processor.sim/sim_1/behav/xsim'
INFO: [SIM-utils-51] Simulation object is 'sim_1'
INFO: [SIM-utils-54] Inspecting design source files for 'testbench_Top' in fileset 'sim_1'...
INFO: [SIM-utils-43] Exported 'E:/pipelined_riscv_processor/pipelined_processor/pipelined_processor.sim/sim_1/behav/xsim/instructions.mem'
INFO: [USF-XSim-97] Finding global include files...
INFO: [USF-XSim-98] Fetching design files from 'sim_1'...
INFO: [USF-XSim-2] XSim::Compile design
INFO: [USF-XSim-61] Executing 'COMPILE and ANALYZE' step in 'E:/pipelined_riscv_processor/pipelined_processor/pipelined_processor.sim/sim_1/behav/xsim'
"xvlog --incr --relax -prj testbench_Top_vlog.prj"
INFO: [VRFC 10-2263] Analyzing Verilog file "E:/pipelined_riscv_processor/src_files/ALU_64_bit.v" into library xil_defaultlib
INFO: [VRFC 10-311] analyzing module ALU_64_bit
INFO: [VRFC 10-2263] Analyzing Verilog file "E:/pipelined_riscv_processor/src_files/ALU_Control.v" into library xil_defaultlib
INFO: [VRFC 10-311] analyzing module ALU_Control
INFO: [VRFC 10-2263] Analyzing Verilog file "E:/pipelined_riscv_processor/src_files/Adder.v" into library xil_defaultlib
INFO: [VRFC 10-311] analyzing module Adder
INFO: [VRFC 10-2263] Analyzing Verilog file "E:/pipelined_riscv_processor/src_files/Control_Unit.v" into library xil_defaultlib
INFO: [VRFC 10-311] analyzing module Control_Unit
INFO: [VRFC 10-2263] Analyzing Verilog file "E:/pipelined_riscv_processor/src_files/Data_Memory.v" into library xil_defaultlib
INFO: [VRFC 10-311] analyzing module Data_Memory
INFO: [VRFC 10-2263] Analyzing Verilog file "E:/pipelined_riscv_processor/src_files/Imm_Data_Extractor.v" into library xil_defaultlib
INFO: [VRFC 10-311] analyzing module Imm_Data_Extractor
INFO: [VRFC 10-2263] Analyzing Verilog file "E:/pipelined_riscv_processor/src_files/Instruction_Memory.v" into library xil_defaultlib
INFO: [VRFC 10-311] analyzing module Instruction_Memory
INFO: [VRFC 10-2263] Analyzing Verilog file "E:/pipelined_riscv_processor/src_files/Instruction_Parser.v" into library xil_defaultlib
INFO: [VRFC 10-311] analyzing module Instruction_Parser
INFO: [VRFC 10-2263] Analyzing Verilog file "E:/pipelined_riscv_processor/src_files/Mux_2x1.v" into library xil_defaultlib
INFO: [VRFC 10-311] analyzing module Mux_2x1
INFO: [VRFC 10-2263] Analyzing Verilog file "E:/pipelined_riscv_processor/src_files/Processor_Top.v" into library xil_defaultlib
INFO: [VRFC 10-311] analyzing module Processor_Top
INFO: [VRFC 10-2458] undeclared symbol clk, assumed default net type wire [E:/pipelined_riscv_processor/src_files/Processor_Top.v:117]
INFO: [VRFC 10-2458] undeclared symbol ALUSrc, assumed default net type wire [E:/pipelined_riscv_processor/src_files/Processor_Top.v:133]
INFO: [VRFC 10-2263] Analyzing Verilog file "E:/pipelined_riscv_processor/src_files/Program_Counter.v" into library xil_defaultlib
INFO: [VRFC 10-311] analyzing module Program_Counter
INFO: [VRFC 10-2263] Analyzing Verilog file "E:/pipelined_riscv_processor/src_files/Register_File.v" into library xil_defaultlib
INFO: [VRFC 10-311] analyzing module Register_File
ERROR: [VRFC 10-2989] 'WriteData' is not declared [E:/pipelined_riscv_processor/src_files/Register_File.v:50]
ERROR: [VRFC 10-2989] 'ReadData1' is not declared [E:/pipelined_riscv_processor/src_files/Register_File.v:58]
ERROR: [VRFC 10-2989] 'ReadData2' is not declared [E:/pipelined_riscv_processor/src_files/Register_File.v:59]
ERROR: [VRFC 10-2989] 'ReadData1' is not declared [E:/pipelined_riscv_processor/src_files/Register_File.v:64]
ERROR: [VRFC 10-2989] 'ReadData2' is not declared [E:/pipelined_riscv_processor/src_files/Register_File.v:65]
ERROR: [VRFC 10-2865] module 'Register_File' ignored due to previous errors [E:/pipelined_riscv_processor/src_files/Register_File.v:23]
INFO: [USF-XSim-69] 'compile' step finished in '4' seconds
INFO: [USF-XSim-99] Step results log file:'E:/pipelined_riscv_processor/pipelined_processor/pipelined_processor.sim/sim_1/behav/xsim/xvlog.log'
ERROR: [USF-XSim-62] 'compile' step failed with error(s). Please check the Tcl console output or 'E:/pipelined_riscv_processor/pipelined_processor/pipelined_processor.sim/sim_1/behav/xsim/xvlog.log' file for more information.
ERROR: [Vivado 12-4473] Detected error while running simulation. Please correct the issue and retry this operation.
ERROR: [Common 17-39] 'launch_simulation' failed due to earlier errors.
launch_simulation
Command: launch_simulation 
INFO: [Vivado 12-5682] Launching behavioral simulation in 'E:/pipelined_riscv_processor/pipelined_processor/pipelined_processor.sim/sim_1/behav/xsim'
INFO: [SIM-utils-51] Simulation object is 'sim_1'
INFO: [SIM-utils-54] Inspecting design source files for 'testbench_Top' in fileset 'sim_1'...
INFO: [SIM-utils-43] Exported 'E:/pipelined_riscv_processor/pipelined_processor/pipelined_processor.sim/sim_1/behav/xsim/instructions.mem'
INFO: [USF-XSim-97] Finding global include files...
INFO: [USF-XSim-98] Fetching design files from 'sim_1'...
INFO: [USF-XSim-2] XSim::Compile design
INFO: [USF-XSim-61] Executing 'COMPILE and ANALYZE' step in 'E:/pipelined_riscv_processor/pipelined_processor/pipelined_processor.sim/sim_1/behav/xsim'
"xvlog --incr --relax -prj testbench_Top_vlog.prj"
INFO: [VRFC 10-2263] Analyzing Verilog file "E:/pipelined_riscv_processor/src_files/ALU_64_bit.v" into library xil_defaultlib
INFO: [VRFC 10-311] analyzing module ALU_64_bit
INFO: [VRFC 10-2263] Analyzing Verilog file "E:/pipelined_riscv_processor/src_files/ALU_Control.v" into library xil_defaultlib
INFO: [VRFC 10-311] analyzing module ALU_Control
INFO: [VRFC 10-2263] Analyzing Verilog file "E:/pipelined_riscv_processor/src_files/Adder.v" into library xil_defaultlib
INFO: [VRFC 10-311] analyzing module Adder
INFO: [VRFC 10-2263] Analyzing Verilog file "E:/pipelined_riscv_processor/src_files/Control_Unit.v" into library xil_defaultlib
INFO: [VRFC 10-311] analyzing module Control_Unit
INFO: [VRFC 10-2263] Analyzing Verilog file "E:/pipelined_riscv_processor/src_files/Data_Memory.v" into library xil_defaultlib
INFO: [VRFC 10-311] analyzing module Data_Memory
INFO: [VRFC 10-2263] Analyzing Verilog file "E:/pipelined_riscv_processor/src_files/Imm_Data_Extractor.v" into library xil_defaultlib
INFO: [VRFC 10-311] analyzing module Imm_Data_Extractor
INFO: [VRFC 10-2263] Analyzing Verilog file "E:/pipelined_riscv_processor/src_files/Instruction_Memory.v" into library xil_defaultlib
INFO: [VRFC 10-311] analyzing module Instruction_Memory
INFO: [VRFC 10-2263] Analyzing Verilog file "E:/pipelined_riscv_processor/src_files/Instruction_Parser.v" into library xil_defaultlib
INFO: [VRFC 10-311] analyzing module Instruction_Parser
INFO: [VRFC 10-2263] Analyzing Verilog file "E:/pipelined_riscv_processor/src_files/Mux_2x1.v" into library xil_defaultlib
INFO: [VRFC 10-311] analyzing module Mux_2x1
INFO: [VRFC 10-2263] Analyzing Verilog file "E:/pipelined_riscv_processor/src_files/Processor_Top.v" into library xil_defaultlib
INFO: [VRFC 10-311] analyzing module Processor_Top
INFO: [VRFC 10-2263] Analyzing Verilog file "E:/pipelined_riscv_processor/src_files/Program_Counter.v" into library xil_defaultlib
INFO: [VRFC 10-311] analyzing module Program_Counter
INFO: [VRFC 10-2263] Analyzing Verilog file "E:/pipelined_riscv_processor/src_files/Register_File.v" into library xil_defaultlib
INFO: [VRFC 10-311] analyzing module Register_File
INFO: [VRFC 10-2263] Analyzing Verilog file "E:/pipelined_riscv_processor/pipelined_processor/pipelined_processor.srcs/sim_1/new/testbench_Top.v" into library xil_defaultlib
INFO: [VRFC 10-311] analyzing module testbench_Top
INFO: [VRFC 10-2263] Analyzing Verilog file "E:/pipelined_riscv_processor/pipelined_processor/pipelined_processor.sim/sim_1/behav/xsim/glbl.v" into library xil_defaultlib
INFO: [VRFC 10-311] analyzing module glbl
INFO: [USF-XSim-69] 'compile' step finished in '3' seconds
INFO: [USF-XSim-3] XSim::Elaborate design
INFO: [USF-XSim-61] Executing 'ELABORATE' step in 'E:/pipelined_riscv_processor/pipelined_processor/pipelined_processor.sim/sim_1/behav/xsim'
"xelab -wto 73048c6165044e87be9673fa1eae8fe7 --incr --debug typical --relax --mt 2 -L xil_defaultlib -L unisims_ver -L unimacro_ver -L secureip --snapshot testbench_Top_behav xil_defaultlib.testbench_Top xil_defaultlib.glbl -log elaborate.log"
Vivado Simulator 2020.1
Copyright 1986-1999, 2001-2020 Xilinx, Inc. All Rights Reserved.
Running: E:/program_files/Vivado/2020.1/bin/unwrapped/win64.o/xelab.exe -wto 73048c6165044e87be9673fa1eae8fe7 --incr --debug typical --relax --mt 2 -L xil_defaultlib -L unisims_ver -L unimacro_ver -L secureip --snapshot testbench_Top_behav xil_defaultlib.testbench_Top xil_defaultlib.glbl -log elaborate.log 
Using 2 slave threads.
Starting static elaboration
Pass Through NonSizing Optimizer
ERROR: [VRFC 10-3180] cannot find port 'clk' on this module [E:/pipelined_riscv_processor/pipelined_processor/pipelined_processor.srcs/sim_1/new/testbench_Top.v:46]
ERROR: [VRFC 10-3180] cannot find port 'sel_bit1' on this module [E:/pipelined_riscv_processor/src_files/Processor_Top.v:133]
ERROR: [XSIM 43-3322] Static elaboration of top level Verilog design unit(s) in library work failed.
INFO: [USF-XSim-69] 'elaborate' step finished in '3' seconds
INFO: [USF-XSim-99] Step results log file:'E:/pipelined_riscv_processor/pipelined_processor/pipelined_processor.sim/sim_1/behav/xsim/elaborate.log'
ERROR: [USF-XSim-62] 'elaborate' step failed with error(s). Please check the Tcl console output or 'E:/pipelined_riscv_processor/pipelined_processor/pipelined_processor.sim/sim_1/behav/xsim/elaborate.log' file for more information.
ERROR: [Vivado 12-4473] Detected error while running simulation. Please correct the issue and retry this operation.
launch_simulation: Time (s): cpu = 00:00:02 ; elapsed = 00:00:06 . Memory (MB): peak = 1217.223 ; gain = 0.000
ERROR: [Common 17-39] 'launch_simulation' failed due to earlier errors.
launch_simulation
Command: launch_simulation 
INFO: [Vivado 12-5682] Launching behavioral simulation in 'E:/pipelined_riscv_processor/pipelined_processor/pipelined_processor.sim/sim_1/behav/xsim'
INFO: [SIM-utils-51] Simulation object is 'sim_1'
INFO: [SIM-utils-54] Inspecting design source files for 'testbench_Top' in fileset 'sim_1'...
INFO: [SIM-utils-43] Exported 'E:/pipelined_riscv_processor/pipelined_processor/pipelined_processor.sim/sim_1/behav/xsim/instructions.mem'
INFO: [USF-XSim-97] Finding global include files...
INFO: [USF-XSim-98] Fetching design files from 'sim_1'...
INFO: [USF-XSim-2] XSim::Compile design
INFO: [USF-XSim-61] Executing 'COMPILE and ANALYZE' step in 'E:/pipelined_riscv_processor/pipelined_processor/pipelined_processor.sim/sim_1/behav/xsim'
"xvlog --incr --relax -prj testbench_Top_vlog.prj"
INFO: [VRFC 10-2263] Analyzing Verilog file "E:/pipelined_riscv_processor/src_files/ALU_64_bit.v" into library xil_defaultlib
INFO: [VRFC 10-311] analyzing module ALU_64_bit
INFO: [VRFC 10-2263] Analyzing Verilog file "E:/pipelined_riscv_processor/src_files/ALU_Control.v" into library xil_defaultlib
INFO: [VRFC 10-311] analyzing module ALU_Control
INFO: [VRFC 10-2263] Analyzing Verilog file "E:/pipelined_riscv_processor/src_files/Adder.v" into library xil_defaultlib
INFO: [VRFC 10-311] analyzing module Adder
INFO: [VRFC 10-2263] Analyzing Verilog file "E:/pipelined_riscv_processor/src_files/Control_Unit.v" into library xil_defaultlib
INFO: [VRFC 10-311] analyzing module Control_Unit
INFO: [VRFC 10-2263] Analyzing Verilog file "E:/pipelined_riscv_processor/src_files/Data_Memory.v" into library xil_defaultlib
INFO: [VRFC 10-311] analyzing module Data_Memory
INFO: [VRFC 10-2263] Analyzing Verilog file "E:/pipelined_riscv_processor/src_files/Imm_Data_Extractor.v" into library xil_defaultlib
INFO: [VRFC 10-311] analyzing module Imm_Data_Extractor
INFO: [VRFC 10-2263] Analyzing Verilog file "E:/pipelined_riscv_processor/src_files/Instruction_Memory.v" into library xil_defaultlib
INFO: [VRFC 10-311] analyzing module Instruction_Memory
INFO: [VRFC 10-2263] Analyzing Verilog file "E:/pipelined_riscv_processor/src_files/Instruction_Parser.v" into library xil_defaultlib
INFO: [VRFC 10-311] analyzing module Instruction_Parser
INFO: [VRFC 10-2263] Analyzing Verilog file "E:/pipelined_riscv_processor/src_files/Mux_2x1.v" into library xil_defaultlib
INFO: [VRFC 10-311] analyzing module Mux_2x1
INFO: [VRFC 10-2263] Analyzing Verilog file "E:/pipelined_riscv_processor/src_files/Processor_Top.v" into library xil_defaultlib
INFO: [VRFC 10-311] analyzing module Processor_Top
INFO: [VRFC 10-2263] Analyzing Verilog file "E:/pipelined_riscv_processor/src_files/Program_Counter.v" into library xil_defaultlib
INFO: [VRFC 10-311] analyzing module Program_Counter
INFO: [VRFC 10-2263] Analyzing Verilog file "E:/pipelined_riscv_processor/src_files/Register_File.v" into library xil_defaultlib
INFO: [VRFC 10-311] analyzing module Register_File
INFO: [VRFC 10-2263] Analyzing Verilog file "E:/pipelined_riscv_processor/pipelined_processor/pipelined_processor.srcs/sim_1/new/testbench_Top.v" into library xil_defaultlib
INFO: [VRFC 10-311] analyzing module testbench_Top
INFO: [USF-XSim-69] 'compile' step finished in '3' seconds
INFO: [USF-XSim-3] XSim::Elaborate design
INFO: [USF-XSim-61] Executing 'ELABORATE' step in 'E:/pipelined_riscv_processor/pipelined_processor/pipelined_processor.sim/sim_1/behav/xsim'
"xelab -wto 73048c6165044e87be9673fa1eae8fe7 --incr --debug typical --relax --mt 2 -L xil_defaultlib -L unisims_ver -L unimacro_ver -L secureip --snapshot testbench_Top_behav xil_defaultlib.testbench_Top xil_defaultlib.glbl -log elaborate.log"
Vivado Simulator 2020.1
Copyright 1986-1999, 2001-2020 Xilinx, Inc. All Rights Reserved.
Running: E:/program_files/Vivado/2020.1/bin/unwrapped/win64.o/xelab.exe -wto 73048c6165044e87be9673fa1eae8fe7 --incr --debug typical --relax --mt 2 -L xil_defaultlib -L unisims_ver -L unimacro_ver -L secureip --snapshot testbench_Top_behav xil_defaultlib.testbench_Top xil_defaultlib.glbl -log elaborate.log 
Using 2 slave threads.
Starting static elaboration
Pass Through NonSizing Optimizer
WARNING: [VRFC 10-3091] actual bit length 32 differs from formal bit length 64 for port 'b' [E:/pipelined_riscv_processor/src_files/Processor_Top.v:79]
Completed static elaboration
Starting simulation data flow analysis
Completed simulation data flow analysis
Time Resolution for simulation is 1ps
Compiling module xil_defaultlib.Program_Counter
Compiling module xil_defaultlib.Adder
Compiling module xil_defaultlib.Mux_2x1
Compiling module xil_defaultlib.Instruction_Memory
Compiling module xil_defaultlib.Instruction_Parser
Compiling module xil_defaultlib.Control_Unit
Compiling module xil_defaultlib.Imm_Data_Extractor
Compiling module xil_defaultlib.Register_File
Compiling module xil_defaultlib.ALU_Control
Compiling module xil_defaultlib.ALU_64_bit
Compiling module xil_defaultlib.Data_Memory
Compiling module xil_defaultlib.Processor_Top
Compiling module xil_defaultlib.testbench_Top
Compiling module xil_defaultlib.glbl
Built simulation snapshot testbench_Top_behav

****** Webtalk v2020.1 (64-bit)
  **** SW Build 2902540 on Wed May 27 19:54:49 MDT 2020
  **** IP Build 2902112 on Wed May 27 22:43:36 MDT 2020
    ** Copyright 1986-2020 Xilinx, Inc. All Rights Reserved.

source E:/pipelined_riscv_processor/pipelined_processor/pipelined_processor.sim/sim_1/behav/xsim/xsim.dir/testbench_Top_behav/webtalk/xsim_webtalk.tcl -notrace
INFO: [Common 17-186] 'E:/pipelined_riscv_processor/pipelined_processor/pipelined_processor.sim/sim_1/behav/xsim/xsim.dir/testbench_Top_behav/webtalk/usage_statistics_ext_xsim.xml' has been successfully sent to Xilinx on Tue Apr 18 11:21:43 2023. For additional details about this file, please refer to the WebTalk help file at E:/program_files/Vivado/2020.1/doc/webtalk_introduction.html.
webtalk_transmit: Time (s): cpu = 00:00:00 ; elapsed = 00:00:06 . Memory (MB): peak = 96.234 ; gain = 0.000
INFO: [Common 17-206] Exiting Webtalk at Tue Apr 18 11:21:43 2023...
run_program: Time (s): cpu = 00:00:00 ; elapsed = 00:00:14 . Memory (MB): peak = 1217.223 ; gain = 0.000
INFO: [USF-XSim-69] 'elaborate' step finished in '14' seconds
INFO: [USF-XSim-4] XSim::Simulate design
INFO: [USF-XSim-61] Executing 'SIMULATE' step in 'E:/pipelined_riscv_processor/pipelined_processor/pipelined_processor.sim/sim_1/behav/xsim'
INFO: [USF-XSim-98] *** Running xsim
   with args "testbench_Top_behav -key {Behavioral:sim_1:Functional:testbench_Top} -tclbatch {testbench_Top.tcl} -log {simulate.log}"
INFO: [USF-XSim-8] Loading simulator feature
Vivado Simulator 2020.1
Time resolution is 1 ps
source testbench_Top.tcl
# set curr_wave [current_wave_config]
# if { [string length $curr_wave] == 0 } {
#   if { [llength [get_objects]] > 0} {
#     add_wave /
#     set_property needs_save false [current_wave_config]
#   } else {
#      send_msg_id Add_Wave-1 WARNING "No top level signals found. Simulator will start without a wave window. If you want to open a wave window go to 'File->New Waveform Configuration' or type 'create_wave_config' in the TCL console."
#   }
# }
# run 1000ns
xsim: Time (s): cpu = 00:00:09 ; elapsed = 00:00:07 . Memory (MB): peak = 1217.223 ; gain = 0.000
INFO: [USF-XSim-96] XSim completed. Design snapshot 'testbench_Top_behav' loaded.
INFO: [USF-XSim-97] XSim simulation ran for 1000ns
launch_simulation: Time (s): cpu = 00:00:10 ; elapsed = 00:00:23 . Memory (MB): peak = 1217.223 ; gain = 0.000
close_sim
INFO: [Simtcl 6-16] Simulation closed
close_sim: Time (s): cpu = 00:00:02 ; elapsed = 00:00:11 . Memory (MB): peak = 1217.223 ; gain = 0.000
launch_simulation
Command: launch_simulation 
INFO: [Vivado 12-5682] Launching behavioral simulation in 'E:/pipelined_riscv_processor/pipelined_processor/pipelined_processor.sim/sim_1/behav/xsim'
INFO: [SIM-utils-51] Simulation object is 'sim_1'
INFO: [SIM-utils-54] Inspecting design source files for 'testbench_Top' in fileset 'sim_1'...
INFO: [SIM-utils-43] Exported 'E:/pipelined_riscv_processor/pipelined_processor/pipelined_processor.sim/sim_1/behav/xsim/instructions.mem'
INFO: [USF-XSim-97] Finding global include files...
INFO: [USF-XSim-98] Fetching design files from 'sim_1'...
INFO: [USF-XSim-2] XSim::Compile design
INFO: [USF-XSim-61] Executing 'COMPILE and ANALYZE' step in 'E:/pipelined_riscv_processor/pipelined_processor/pipelined_processor.sim/sim_1/behav/xsim'
"xvlog --incr --relax -prj testbench_Top_vlog.prj"
INFO: [VRFC 10-2263] Analyzing Verilog file "E:/pipelined_riscv_processor/src_files/ALU_64_bit.v" into library xil_defaultlib
INFO: [VRFC 10-311] analyzing module ALU_64_bit
INFO: [VRFC 10-2263] Analyzing Verilog file "E:/pipelined_riscv_processor/src_files/ALU_Control.v" into library xil_defaultlib
INFO: [VRFC 10-311] analyzing module ALU_Control
INFO: [VRFC 10-2263] Analyzing Verilog file "E:/pipelined_riscv_processor/src_files/Adder.v" into library xil_defaultlib
INFO: [VRFC 10-311] analyzing module Adder
INFO: [VRFC 10-2263] Analyzing Verilog file "E:/pipelined_riscv_processor/src_files/Control_Unit.v" into library xil_defaultlib
INFO: [VRFC 10-311] analyzing module Control_Unit
INFO: [VRFC 10-2263] Analyzing Verilog file "E:/pipelined_riscv_processor/src_files/Data_Memory.v" into library xil_defaultlib
INFO: [VRFC 10-311] analyzing module Data_Memory
INFO: [VRFC 10-2263] Analyzing Verilog file "E:/pipelined_riscv_processor/src_files/Imm_Data_Extractor.v" into library xil_defaultlib
INFO: [VRFC 10-311] analyzing module Imm_Data_Extractor
INFO: [VRFC 10-2263] Analyzing Verilog file "E:/pipelined_riscv_processor/src_files/Instruction_Memory.v" into library xil_defaultlib
INFO: [VRFC 10-311] analyzing module Instruction_Memory
INFO: [VRFC 10-2263] Analyzing Verilog file "E:/pipelined_riscv_processor/src_files/Instruction_Parser.v" into library xil_defaultlib
INFO: [VRFC 10-311] analyzing module Instruction_Parser
INFO: [VRFC 10-2263] Analyzing Verilog file "E:/pipelined_riscv_processor/src_files/Mux_2x1.v" into library xil_defaultlib
INFO: [VRFC 10-311] analyzing module Mux_2x1
INFO: [VRFC 10-2263] Analyzing Verilog file "E:/pipelined_riscv_processor/src_files/Processor_Top.v" into library xil_defaultlib
INFO: [VRFC 10-311] analyzing module Processor_Top
INFO: [VRFC 10-2263] Analyzing Verilog file "E:/pipelined_riscv_processor/src_files/Program_Counter.v" into library xil_defaultlib
INFO: [VRFC 10-311] analyzing module Program_Counter
INFO: [VRFC 10-2263] Analyzing Verilog file "E:/pipelined_riscv_processor/src_files/Register_File.v" into library xil_defaultlib
INFO: [VRFC 10-311] analyzing module Register_File
INFO: [VRFC 10-2263] Analyzing Verilog file "E:/pipelined_riscv_processor/pipelined_processor/pipelined_processor.srcs/sim_1/new/testbench_Top.v" into library xil_defaultlib
INFO: [VRFC 10-311] analyzing module testbench_Top
INFO: [USF-XSim-69] 'compile' step finished in '2' seconds
INFO: [USF-XSim-3] XSim::Elaborate design
INFO: [USF-XSim-61] Executing 'ELABORATE' step in 'E:/pipelined_riscv_processor/pipelined_processor/pipelined_processor.sim/sim_1/behav/xsim'
"xelab -wto 73048c6165044e87be9673fa1eae8fe7 --incr --debug typical --relax --mt 2 -L xil_defaultlib -L unisims_ver -L unimacro_ver -L secureip --snapshot testbench_Top_behav xil_defaultlib.testbench_Top xil_defaultlib.glbl -log elaborate.log"
Vivado Simulator 2020.1
Copyright 1986-1999, 2001-2020 Xilinx, Inc. All Rights Reserved.
Running: E:/program_files/Vivado/2020.1/bin/unwrapped/win64.o/xelab.exe -wto 73048c6165044e87be9673fa1eae8fe7 --incr --debug typical --relax --mt 2 -L xil_defaultlib -L unisims_ver -L unimacro_ver -L secureip --snapshot testbench_Top_behav xil_defaultlib.testbench_Top xil_defaultlib.glbl -log elaborate.log 
Using 2 slave threads.
Starting static elaboration
Pass Through NonSizing Optimizer
ERROR: [VRFC 10-2989] 'InstructionMemory' is not declared [E:/pipelined_riscv_processor/src_files/Instruction_Memory.v:32]
WARNING: [VRFC 10-3091] actual bit length 32 differs from formal bit length 64 for port 'b' [E:/pipelined_riscv_processor/src_files/Processor_Top.v:79]
ERROR: [XSIM 43-3322] Static elaboration of top level Verilog design unit(s) in library work failed.
INFO: [USF-XSim-69] 'elaborate' step finished in '3' seconds
INFO: [USF-XSim-99] Step results log file:'E:/pipelined_riscv_processor/pipelined_processor/pipelined_processor.sim/sim_1/behav/xsim/elaborate.log'
ERROR: [USF-XSim-62] 'elaborate' step failed with error(s). Please check the Tcl console output or 'E:/pipelined_riscv_processor/pipelined_processor/pipelined_processor.sim/sim_1/behav/xsim/elaborate.log' file for more information.
ERROR: [Vivado 12-4473] Detected error while running simulation. Please correct the issue and retry this operation.
launch_simulation: Time (s): cpu = 00:00:01 ; elapsed = 00:00:06 . Memory (MB): peak = 1217.223 ; gain = 0.000
ERROR: [Common 17-39] 'launch_simulation' failed due to earlier errors.
launch_simulation
Command: launch_simulation 
INFO: [Vivado 12-5682] Launching behavioral simulation in 'E:/pipelined_riscv_processor/pipelined_processor/pipelined_processor.sim/sim_1/behav/xsim'
INFO: [SIM-utils-51] Simulation object is 'sim_1'
INFO: [SIM-utils-54] Inspecting design source files for 'testbench_Top' in fileset 'sim_1'...
INFO: [SIM-utils-43] Exported 'E:/pipelined_riscv_processor/pipelined_processor/pipelined_processor.sim/sim_1/behav/xsim/instructions.mem'
INFO: [USF-XSim-97] Finding global include files...
INFO: [USF-XSim-98] Fetching design files from 'sim_1'...
INFO: [USF-XSim-2] XSim::Compile design
INFO: [USF-XSim-61] Executing 'COMPILE and ANALYZE' step in 'E:/pipelined_riscv_processor/pipelined_processor/pipelined_processor.sim/sim_1/behav/xsim'
"xvlog --incr --relax -prj testbench_Top_vlog.prj"
INFO: [VRFC 10-2263] Analyzing Verilog file "E:/pipelined_riscv_processor/src_files/ALU_64_bit.v" into library xil_defaultlib
INFO: [VRFC 10-311] analyzing module ALU_64_bit
INFO: [VRFC 10-2263] Analyzing Verilog file "E:/pipelined_riscv_processor/src_files/ALU_Control.v" into library xil_defaultlib
INFO: [VRFC 10-311] analyzing module ALU_Control
INFO: [VRFC 10-2263] Analyzing Verilog file "E:/pipelined_riscv_processor/src_files/Adder.v" into library xil_defaultlib
INFO: [VRFC 10-311] analyzing module Adder
INFO: [VRFC 10-2263] Analyzing Verilog file "E:/pipelined_riscv_processor/src_files/Control_Unit.v" into library xil_defaultlib
INFO: [VRFC 10-311] analyzing module Control_Unit
INFO: [VRFC 10-2263] Analyzing Verilog file "E:/pipelined_riscv_processor/src_files/Data_Memory.v" into library xil_defaultlib
INFO: [VRFC 10-311] analyzing module Data_Memory
INFO: [VRFC 10-2263] Analyzing Verilog file "E:/pipelined_riscv_processor/src_files/Imm_Data_Extractor.v" into library xil_defaultlib
INFO: [VRFC 10-311] analyzing module Imm_Data_Extractor
INFO: [VRFC 10-2263] Analyzing Verilog file "E:/pipelined_riscv_processor/src_files/Instruction_Memory.v" into library xil_defaultlib
INFO: [VRFC 10-311] analyzing module Instruction_Memory
INFO: [VRFC 10-2263] Analyzing Verilog file "E:/pipelined_riscv_processor/src_files/Instruction_Parser.v" into library xil_defaultlib
INFO: [VRFC 10-311] analyzing module Instruction_Parser
INFO: [VRFC 10-2263] Analyzing Verilog file "E:/pipelined_riscv_processor/src_files/Mux_2x1.v" into library xil_defaultlib
INFO: [VRFC 10-311] analyzing module Mux_2x1
INFO: [VRFC 10-2263] Analyzing Verilog file "E:/pipelined_riscv_processor/src_files/Processor_Top.v" into library xil_defaultlib
INFO: [VRFC 10-311] analyzing module Processor_Top
INFO: [VRFC 10-2263] Analyzing Verilog file "E:/pipelined_riscv_processor/src_files/Program_Counter.v" into library xil_defaultlib
INFO: [VRFC 10-311] analyzing module Program_Counter
INFO: [VRFC 10-2263] Analyzing Verilog file "E:/pipelined_riscv_processor/src_files/Register_File.v" into library xil_defaultlib
INFO: [VRFC 10-311] analyzing module Register_File
INFO: [VRFC 10-2263] Analyzing Verilog file "E:/pipelined_riscv_processor/pipelined_processor/pipelined_processor.srcs/sim_1/new/testbench_Top.v" into library xil_defaultlib
INFO: [VRFC 10-311] analyzing module testbench_Top
INFO: [USF-XSim-69] 'compile' step finished in '2' seconds
INFO: [USF-XSim-3] XSim::Elaborate design
INFO: [USF-XSim-61] Executing 'ELABORATE' step in 'E:/pipelined_riscv_processor/pipelined_processor/pipelined_processor.sim/sim_1/behav/xsim'
"xelab -wto 73048c6165044e87be9673fa1eae8fe7 --incr --debug typical --relax --mt 2 -L xil_defaultlib -L unisims_ver -L unimacro_ver -L secureip --snapshot testbench_Top_behav xil_defaultlib.testbench_Top xil_defaultlib.glbl -log elaborate.log"
Vivado Simulator 2020.1
Copyright 1986-1999, 2001-2020 Xilinx, Inc. All Rights Reserved.
Running: E:/program_files/Vivado/2020.1/bin/unwrapped/win64.o/xelab.exe -wto 73048c6165044e87be9673fa1eae8fe7 --incr --debug typical --relax --mt 2 -L xil_defaultlib -L unisims_ver -L unimacro_ver -L secureip --snapshot testbench_Top_behav xil_defaultlib.testbench_Top xil_defaultlib.glbl -log elaborate.log 
Using 2 slave threads.
Starting static elaboration
Pass Through NonSizing Optimizer
ERROR: [VRFC 10-2989] 'InstructionMemory' is not declared [E:/pipelined_riscv_processor/src_files/Instruction_Memory.v:32]
WARNING: [VRFC 10-3091] actual bit length 32 differs from formal bit length 64 for port 'b' [E:/pipelined_riscv_processor/src_files/Processor_Top.v:79]
ERROR: [XSIM 43-3322] Static elaboration of top level Verilog design unit(s) in library work failed.
INFO: [USF-XSim-69] 'elaborate' step finished in '3' seconds
INFO: [USF-XSim-99] Step results log file:'E:/pipelined_riscv_processor/pipelined_processor/pipelined_processor.sim/sim_1/behav/xsim/elaborate.log'
ERROR: [USF-XSim-62] 'elaborate' step failed with error(s). Please check the Tcl console output or 'E:/pipelined_riscv_processor/pipelined_processor/pipelined_processor.sim/sim_1/behav/xsim/elaborate.log' file for more information.
ERROR: [Vivado 12-4473] Detected error while running simulation. Please correct the issue and retry this operation.
launch_simulation: Time (s): cpu = 00:00:00 ; elapsed = 00:00:05 . Memory (MB): peak = 1217.223 ; gain = 0.000
ERROR: [Common 17-39] 'launch_simulation' failed due to earlier errors.
launch_simulation
Command: launch_simulation 
INFO: [Vivado 12-5682] Launching behavioral simulation in 'E:/pipelined_riscv_processor/pipelined_processor/pipelined_processor.sim/sim_1/behav/xsim'
INFO: [SIM-utils-51] Simulation object is 'sim_1'
INFO: [SIM-utils-54] Inspecting design source files for 'testbench_Top' in fileset 'sim_1'...
INFO: [SIM-utils-43] Exported 'E:/pipelined_riscv_processor/pipelined_processor/pipelined_processor.sim/sim_1/behav/xsim/instructions.mem'
INFO: [USF-XSim-97] Finding global include files...
INFO: [USF-XSim-98] Fetching design files from 'sim_1'...
INFO: [USF-XSim-2] XSim::Compile design
INFO: [USF-XSim-61] Executing 'COMPILE and ANALYZE' step in 'E:/pipelined_riscv_processor/pipelined_processor/pipelined_processor.sim/sim_1/behav/xsim'
"xvlog --incr --relax -prj testbench_Top_vlog.prj"
INFO: [VRFC 10-2263] Analyzing Verilog file "E:/pipelined_riscv_processor/src_files/ALU_64_bit.v" into library xil_defaultlib
INFO: [VRFC 10-311] analyzing module ALU_64_bit
INFO: [VRFC 10-2263] Analyzing Verilog file "E:/pipelined_riscv_processor/src_files/ALU_Control.v" into library xil_defaultlib
INFO: [VRFC 10-311] analyzing module ALU_Control
INFO: [VRFC 10-2263] Analyzing Verilog file "E:/pipelined_riscv_processor/src_files/Adder.v" into library xil_defaultlib
INFO: [VRFC 10-311] analyzing module Adder
INFO: [VRFC 10-2263] Analyzing Verilog file "E:/pipelined_riscv_processor/src_files/Control_Unit.v" into library xil_defaultlib
INFO: [VRFC 10-311] analyzing module Control_Unit
INFO: [VRFC 10-2263] Analyzing Verilog file "E:/pipelined_riscv_processor/src_files/Data_Memory.v" into library xil_defaultlib
INFO: [VRFC 10-311] analyzing module Data_Memory
INFO: [VRFC 10-2263] Analyzing Verilog file "E:/pipelined_riscv_processor/src_files/Imm_Data_Extractor.v" into library xil_defaultlib
INFO: [VRFC 10-311] analyzing module Imm_Data_Extractor
INFO: [VRFC 10-2263] Analyzing Verilog file "E:/pipelined_riscv_processor/src_files/Instruction_Memory.v" into library xil_defaultlib
INFO: [VRFC 10-311] analyzing module Instruction_Memory
INFO: [VRFC 10-2263] Analyzing Verilog file "E:/pipelined_riscv_processor/src_files/Instruction_Parser.v" into library xil_defaultlib
INFO: [VRFC 10-311] analyzing module Instruction_Parser
INFO: [VRFC 10-2263] Analyzing Verilog file "E:/pipelined_riscv_processor/src_files/Mux_2x1.v" into library xil_defaultlib
INFO: [VRFC 10-311] analyzing module Mux_2x1
INFO: [VRFC 10-2263] Analyzing Verilog file "E:/pipelined_riscv_processor/src_files/Processor_Top.v" into library xil_defaultlib
INFO: [VRFC 10-311] analyzing module Processor_Top
INFO: [VRFC 10-2263] Analyzing Verilog file "E:/pipelined_riscv_processor/src_files/Program_Counter.v" into library xil_defaultlib
INFO: [VRFC 10-311] analyzing module Program_Counter
INFO: [VRFC 10-2263] Analyzing Verilog file "E:/pipelined_riscv_processor/src_files/Register_File.v" into library xil_defaultlib
INFO: [VRFC 10-311] analyzing module Register_File
INFO: [VRFC 10-2263] Analyzing Verilog file "E:/pipelined_riscv_processor/pipelined_processor/pipelined_processor.srcs/sim_1/new/testbench_Top.v" into library xil_defaultlib
INFO: [VRFC 10-311] analyzing module testbench_Top
INFO: [USF-XSim-69] 'compile' step finished in '2' seconds
INFO: [USF-XSim-3] XSim::Elaborate design
INFO: [USF-XSim-61] Executing 'ELABORATE' step in 'E:/pipelined_riscv_processor/pipelined_processor/pipelined_processor.sim/sim_1/behav/xsim'
"xelab -wto 73048c6165044e87be9673fa1eae8fe7 --incr --debug typical --relax --mt 2 -L xil_defaultlib -L unisims_ver -L unimacro_ver -L secureip --snapshot testbench_Top_behav xil_defaultlib.testbench_Top xil_defaultlib.glbl -log elaborate.log"
Vivado Simulator 2020.1
Copyright 1986-1999, 2001-2020 Xilinx, Inc. All Rights Reserved.
Running: E:/program_files/Vivado/2020.1/bin/unwrapped/win64.o/xelab.exe -wto 73048c6165044e87be9673fa1eae8fe7 --incr --debug typical --relax --mt 2 -L xil_defaultlib -L unisims_ver -L unimacro_ver -L secureip --snapshot testbench_Top_behav xil_defaultlib.testbench_Top xil_defaultlib.glbl -log elaborate.log 
Using 2 slave threads.
Starting static elaboration
Pass Through NonSizing Optimizer
WARNING: [VRFC 10-3091] actual bit length 32 differs from formal bit length 64 for port 'b' [E:/pipelined_riscv_processor/src_files/Processor_Top.v:79]
Completed static elaboration
Starting simulation data flow analysis
Completed simulation data flow analysis
Time Resolution for simulation is 1ps
Compiling module xil_defaultlib.Program_Counter
Compiling module xil_defaultlib.Adder
Compiling module xil_defaultlib.Mux_2x1
Compiling module xil_defaultlib.Instruction_Memory
Compiling module xil_defaultlib.Instruction_Parser
Compiling module xil_defaultlib.Control_Unit
Compiling module xil_defaultlib.Imm_Data_Extractor
Compiling module xil_defaultlib.Register_File
Compiling module xil_defaultlib.ALU_Control
Compiling module xil_defaultlib.ALU_64_bit
Compiling module xil_defaultlib.Data_Memory
Compiling module xil_defaultlib.Processor_Top
Compiling module xil_defaultlib.testbench_Top
Compiling module xil_defaultlib.glbl
Built simulation snapshot testbench_Top_behav
run_program: Time (s): cpu = 00:00:00 ; elapsed = 00:00:06 . Memory (MB): peak = 1217.223 ; gain = 0.000
INFO: [USF-XSim-69] 'elaborate' step finished in '6' seconds
INFO: [USF-XSim-4] XSim::Simulate design
INFO: [USF-XSim-61] Executing 'SIMULATE' step in 'E:/pipelined_riscv_processor/pipelined_processor/pipelined_processor.sim/sim_1/behav/xsim'
INFO: [USF-XSim-98] *** Running xsim
   with args "testbench_Top_behav -key {Behavioral:sim_1:Functional:testbench_Top} -tclbatch {testbench_Top.tcl} -log {simulate.log}"
INFO: [USF-XSim-8] Loading simulator feature
Vivado Simulator 2020.1
Time resolution is 1 ps
source testbench_Top.tcl
# set curr_wave [current_wave_config]
# if { [string length $curr_wave] == 0 } {
#   if { [llength [get_objects]] > 0} {
#     add_wave /
#     set_property needs_save false [current_wave_config]
#   } else {
#      send_msg_id Add_Wave-1 WARNING "No top level signals found. Simulator will start without a wave window. If you want to open a wave window go to 'File->New Waveform Configuration' or type 'create_wave_config' in the TCL console."
#   }
# }
# run 1000ns
WARNING: Data truncated while reading Datafile: instructions.mem, while loading at index: 0
WARNING: Data truncated while reading Datafile: instructions.mem, while loading at index: 1
WARNING: Data truncated while reading Datafile: instructions.mem, while loading at index: 2
WARNING: Data truncated while reading Datafile: instructions.mem, while loading at index: 3
WARNING: Data truncated while reading Datafile: instructions.mem, while loading at index: 4
INFO: [USF-XSim-96] XSim completed. Design snapshot 'testbench_Top_behav' loaded.
INFO: [USF-XSim-97] XSim simulation ran for 1000ns
launch_simulation: Time (s): cpu = 00:00:05 ; elapsed = 00:00:13 . Memory (MB): peak = 1217.223 ; gain = 0.000
close_sim
INFO: [Simtcl 6-16] Simulation closed
launch_simulation
Command: launch_simulation 
INFO: [Vivado 12-5682] Launching behavioral simulation in 'E:/pipelined_riscv_processor/pipelined_processor/pipelined_processor.sim/sim_1/behav/xsim'
INFO: [SIM-utils-51] Simulation object is 'sim_1'
INFO: [SIM-utils-54] Inspecting design source files for 'testbench_Top' in fileset 'sim_1'...
INFO: [SIM-utils-43] Exported 'E:/pipelined_riscv_processor/pipelined_processor/pipelined_processor.sim/sim_1/behav/xsim/instructions.mem'
INFO: [USF-XSim-97] Finding global include files...
INFO: [USF-XSim-98] Fetching design files from 'sim_1'...
INFO: [USF-XSim-2] XSim::Compile design
INFO: [USF-XSim-61] Executing 'COMPILE and ANALYZE' step in 'E:/pipelined_riscv_processor/pipelined_processor/pipelined_processor.sim/sim_1/behav/xsim'
"xvlog --incr --relax -prj testbench_Top_vlog.prj"
INFO: [USF-XSim-69] 'compile' step finished in '2' seconds
INFO: [USF-XSim-3] XSim::Elaborate design
INFO: [USF-XSim-61] Executing 'ELABORATE' step in 'E:/pipelined_riscv_processor/pipelined_processor/pipelined_processor.sim/sim_1/behav/xsim'
"xelab -wto 73048c6165044e87be9673fa1eae8fe7 --incr --debug typical --relax --mt 2 -L xil_defaultlib -L unisims_ver -L unimacro_ver -L secureip --snapshot testbench_Top_behav xil_defaultlib.testbench_Top xil_defaultlib.glbl -log elaborate.log"
Vivado Simulator 2020.1
Copyright 1986-1999, 2001-2020 Xilinx, Inc. All Rights Reserved.
Running: E:/program_files/Vivado/2020.1/bin/unwrapped/win64.o/xelab.exe -wto 73048c6165044e87be9673fa1eae8fe7 --incr --debug typical --relax --mt 2 -L xil_defaultlib -L unisims_ver -L unimacro_ver -L secureip --snapshot testbench_Top_behav xil_defaultlib.testbench_Top xil_defaultlib.glbl -log elaborate.log 
Using 2 slave threads.
Starting static elaboration
Pass Through NonSizing Optimizer
WARNING: [VRFC 10-3091] actual bit length 32 differs from formal bit length 64 for port 'b' [E:/pipelined_riscv_processor/src_files/Processor_Top.v:79]
Completed static elaboration
INFO: [XSIM 43-4323] No Change in HDL. Linking previously generated obj files to create kernel
INFO: [USF-XSim-69] 'elaborate' step finished in '4' seconds
INFO: [USF-XSim-4] XSim::Simulate design
INFO: [USF-XSim-61] Executing 'SIMULATE' step in 'E:/pipelined_riscv_processor/pipelined_processor/pipelined_processor.sim/sim_1/behav/xsim'
INFO: [USF-XSim-98] *** Running xsim
   with args "testbench_Top_behav -key {Behavioral:sim_1:Functional:testbench_Top} -tclbatch {testbench_Top.tcl} -log {simulate.log}"
INFO: [USF-XSim-8] Loading simulator feature
Vivado Simulator 2020.1
Time resolution is 1 ps
source testbench_Top.tcl
# set curr_wave [current_wave_config]
# if { [string length $curr_wave] == 0 } {
#   if { [llength [get_objects]] > 0} {
#     add_wave /
#     set_property needs_save false [current_wave_config]
#   } else {
#      send_msg_id Add_Wave-1 WARNING "No top level signals found. Simulator will start without a wave window. If you want to open a wave window go to 'File->New Waveform Configuration' or type 'create_wave_config' in the TCL console."
#   }
# }
# run 1000ns
WARNING: Data truncated while reading Datafile: instructions.mem, while loading at index: 0
WARNING: Data truncated while reading Datafile: instructions.mem, while loading at index: 1
WARNING: Data truncated while reading Datafile: instructions.mem, while loading at index: 2
WARNING: Data truncated while reading Datafile: instructions.mem, while loading at index: 3
WARNING: Data truncated while reading Datafile: instructions.mem, while loading at index: 4
INFO: [USF-XSim-96] XSim completed. Design snapshot 'testbench_Top_behav' loaded.
INFO: [USF-XSim-97] XSim simulation ran for 1000ns
launch_simulation: Time (s): cpu = 00:00:07 ; elapsed = 00:00:10 . Memory (MB): peak = 1217.223 ; gain = 0.000
close_sim
INFO: [Simtcl 6-16] Simulation closed
launch_simulation
Command: launch_simulation 
INFO: [Vivado 12-5682] Launching behavioral simulation in 'E:/pipelined_riscv_processor/pipelined_processor/pipelined_processor.sim/sim_1/behav/xsim'
INFO: [SIM-utils-51] Simulation object is 'sim_1'
INFO: [SIM-utils-54] Inspecting design source files for 'testbench_Top' in fileset 'sim_1'...
INFO: [SIM-utils-43] Exported 'E:/pipelined_riscv_processor/pipelined_processor/pipelined_processor.sim/sim_1/behav/xsim/instructions.mem'
INFO: [USF-XSim-97] Finding global include files...
INFO: [USF-XSim-98] Fetching design files from 'sim_1'...
INFO: [USF-XSim-2] XSim::Compile design
INFO: [USF-XSim-61] Executing 'COMPILE and ANALYZE' step in 'E:/pipelined_riscv_processor/pipelined_processor/pipelined_processor.sim/sim_1/behav/xsim'
"xvlog --incr --relax -prj testbench_Top_vlog.prj"
INFO: [USF-XSim-69] 'compile' step finished in '3' seconds
INFO: [USF-XSim-3] XSim::Elaborate design
INFO: [USF-XSim-61] Executing 'ELABORATE' step in 'E:/pipelined_riscv_processor/pipelined_processor/pipelined_processor.sim/sim_1/behav/xsim'
"xelab -wto 73048c6165044e87be9673fa1eae8fe7 --incr --debug typical --relax --mt 2 -L xil_defaultlib -L unisims_ver -L unimacro_ver -L secureip --snapshot testbench_Top_behav xil_defaultlib.testbench_Top xil_defaultlib.glbl -log elaborate.log"
Vivado Simulator 2020.1
Copyright 1986-1999, 2001-2020 Xilinx, Inc. All Rights Reserved.
Running: E:/program_files/Vivado/2020.1/bin/unwrapped/win64.o/xelab.exe -wto 73048c6165044e87be9673fa1eae8fe7 --incr --debug typical --relax --mt 2 -L xil_defaultlib -L unisims_ver -L unimacro_ver -L secureip --snapshot testbench_Top_behav xil_defaultlib.testbench_Top xil_defaultlib.glbl -log elaborate.log 
Using 2 slave threads.
Starting static elaboration
Pass Through NonSizing Optimizer
WARNING: [VRFC 10-3091] actual bit length 32 differs from formal bit length 64 for port 'b' [E:/pipelined_riscv_processor/src_files/Processor_Top.v:79]
Completed static elaboration
INFO: [XSIM 43-4323] No Change in HDL. Linking previously generated obj files to create kernel
INFO: [USF-XSim-69] 'elaborate' step finished in '2' seconds
INFO: [USF-XSim-4] XSim::Simulate design
INFO: [USF-XSim-61] Executing 'SIMULATE' step in 'E:/pipelined_riscv_processor/pipelined_processor/pipelined_processor.sim/sim_1/behav/xsim'
INFO: [USF-XSim-98] *** Running xsim
   with args "testbench_Top_behav -key {Behavioral:sim_1:Functional:testbench_Top} -tclbatch {testbench_Top.tcl} -log {simulate.log}"
INFO: [USF-XSim-8] Loading simulator feature
Vivado Simulator 2020.1
Time resolution is 1 ps
source testbench_Top.tcl
# set curr_wave [current_wave_config]
# if { [string length $curr_wave] == 0 } {
#   if { [llength [get_objects]] > 0} {
#     add_wave /
#     set_property needs_save false [current_wave_config]
#   } else {
#      send_msg_id Add_Wave-1 WARNING "No top level signals found. Simulator will start without a wave window. If you want to open a wave window go to 'File->New Waveform Configuration' or type 'create_wave_config' in the TCL console."
#   }
# }
# run 1000ns
WARNING: Data truncated while reading Datafile: instructions.mem, while loading at index: 0
WARNING: Data truncated while reading Datafile: instructions.mem, while loading at index: 1
WARNING: Data truncated while reading Datafile: instructions.mem, while loading at index: 2
WARNING: Data truncated while reading Datafile: instructions.mem, while loading at index: 3
WARNING: Data truncated while reading Datafile: instructions.mem, while loading at index: 4
INFO: [USF-XSim-96] XSim completed. Design snapshot 'testbench_Top_behav' loaded.
INFO: [USF-XSim-97] XSim simulation ran for 1000ns
launch_simulation: Time (s): cpu = 00:00:06 ; elapsed = 00:00:09 . Memory (MB): peak = 1217.223 ; gain = 0.000
close_sim
INFO: [Simtcl 6-16] Simulation closed
launch_simulation
Command: launch_simulation 
INFO: [Vivado 12-5682] Launching behavioral simulation in 'E:/pipelined_riscv_processor/pipelined_processor/pipelined_processor.sim/sim_1/behav/xsim'
INFO: [SIM-utils-51] Simulation object is 'sim_1'
INFO: [SIM-utils-54] Inspecting design source files for 'testbench_Top' in fileset 'sim_1'...
INFO: [SIM-utils-43] Exported 'E:/pipelined_riscv_processor/pipelined_processor/pipelined_processor.sim/sim_1/behav/xsim/instructions.mem'
INFO: [USF-XSim-97] Finding global include files...
INFO: [USF-XSim-98] Fetching design files from 'sim_1'...
INFO: [USF-XSim-2] XSim::Compile design
INFO: [USF-XSim-61] Executing 'COMPILE and ANALYZE' step in 'E:/pipelined_riscv_processor/pipelined_processor/pipelined_processor.sim/sim_1/behav/xsim'
"xvlog --incr --relax -prj testbench_Top_vlog.prj"
INFO: [VRFC 10-2263] Analyzing Verilog file "E:/pipelined_riscv_processor/src_files/ALU_64_bit.v" into library xil_defaultlib
INFO: [VRFC 10-311] analyzing module ALU_64_bit
INFO: [VRFC 10-2263] Analyzing Verilog file "E:/pipelined_riscv_processor/src_files/ALU_Control.v" into library xil_defaultlib
INFO: [VRFC 10-311] analyzing module ALU_Control
INFO: [VRFC 10-2263] Analyzing Verilog file "E:/pipelined_riscv_processor/src_files/Adder.v" into library xil_defaultlib
INFO: [VRFC 10-311] analyzing module Adder
INFO: [VRFC 10-2263] Analyzing Verilog file "E:/pipelined_riscv_processor/src_files/Control_Unit.v" into library xil_defaultlib
INFO: [VRFC 10-311] analyzing module Control_Unit
INFO: [VRFC 10-2263] Analyzing Verilog file "E:/pipelined_riscv_processor/src_files/Data_Memory.v" into library xil_defaultlib
INFO: [VRFC 10-311] analyzing module Data_Memory
INFO: [VRFC 10-2263] Analyzing Verilog file "E:/pipelined_riscv_processor/src_files/Imm_Data_Extractor.v" into library xil_defaultlib
INFO: [VRFC 10-311] analyzing module Imm_Data_Extractor
INFO: [VRFC 10-2263] Analyzing Verilog file "E:/pipelined_riscv_processor/src_files/Instruction_Memory.v" into library xil_defaultlib
INFO: [VRFC 10-311] analyzing module Instruction_Memory
INFO: [VRFC 10-2263] Analyzing Verilog file "E:/pipelined_riscv_processor/src_files/Instruction_Parser.v" into library xil_defaultlib
INFO: [VRFC 10-311] analyzing module Instruction_Parser
INFO: [VRFC 10-2263] Analyzing Verilog file "E:/pipelined_riscv_processor/src_files/Mux_2x1.v" into library xil_defaultlib
INFO: [VRFC 10-311] analyzing module Mux_2x1
INFO: [VRFC 10-2263] Analyzing Verilog file "E:/pipelined_riscv_processor/src_files/Processor_Top.v" into library xil_defaultlib
INFO: [VRFC 10-311] analyzing module Processor_Top
INFO: [VRFC 10-2263] Analyzing Verilog file "E:/pipelined_riscv_processor/src_files/Program_Counter.v" into library xil_defaultlib
INFO: [VRFC 10-311] analyzing module Program_Counter
INFO: [VRFC 10-2263] Analyzing Verilog file "E:/pipelined_riscv_processor/src_files/Register_File.v" into library xil_defaultlib
INFO: [VRFC 10-311] analyzing module Register_File
INFO: [VRFC 10-2263] Analyzing Verilog file "E:/pipelined_riscv_processor/pipelined_processor/pipelined_processor.srcs/sim_1/new/testbench_Top.v" into library xil_defaultlib
INFO: [VRFC 10-311] analyzing module testbench_Top
INFO: [USF-XSim-69] 'compile' step finished in '2' seconds
INFO: [USF-XSim-3] XSim::Elaborate design
INFO: [USF-XSim-61] Executing 'ELABORATE' step in 'E:/pipelined_riscv_processor/pipelined_processor/pipelined_processor.sim/sim_1/behav/xsim'
"xelab -wto 73048c6165044e87be9673fa1eae8fe7 --incr --debug typical --relax --mt 2 -L xil_defaultlib -L unisims_ver -L unimacro_ver -L secureip --snapshot testbench_Top_behav xil_defaultlib.testbench_Top xil_defaultlib.glbl -log elaborate.log"
Vivado Simulator 2020.1
Copyright 1986-1999, 2001-2020 Xilinx, Inc. All Rights Reserved.
Running: E:/program_files/Vivado/2020.1/bin/unwrapped/win64.o/xelab.exe -wto 73048c6165044e87be9673fa1eae8fe7 --incr --debug typical --relax --mt 2 -L xil_defaultlib -L unisims_ver -L unimacro_ver -L secureip --snapshot testbench_Top_behav xil_defaultlib.testbench_Top xil_defaultlib.glbl -log elaborate.log 
Using 2 slave threads.
Starting static elaboration
Pass Through NonSizing Optimizer
WARNING: [VRFC 10-3091] actual bit length 32 differs from formal bit length 64 for port 'b' [E:/pipelined_riscv_processor/src_files/Processor_Top.v:79]
Completed static elaboration
Starting simulation data flow analysis
Completed simulation data flow analysis
Time Resolution for simulation is 1ps
Compiling module xil_defaultlib.Program_Counter
Compiling module xil_defaultlib.Adder
Compiling module xil_defaultlib.Mux_2x1
Compiling module xil_defaultlib.Instruction_Memory
Compiling module xil_defaultlib.Instruction_Parser
Compiling module xil_defaultlib.Control_Unit
Compiling module xil_defaultlib.Imm_Data_Extractor
Compiling module xil_defaultlib.Register_File
Compiling module xil_defaultlib.ALU_Control
Compiling module xil_defaultlib.ALU_64_bit
Compiling module xil_defaultlib.Data_Memory
Compiling module xil_defaultlib.Processor_Top
Compiling module xil_defaultlib.testbench_Top
Compiling module xil_defaultlib.glbl
Built simulation snapshot testbench_Top_behav
INFO: [USF-XSim-69] 'elaborate' step finished in '4' seconds
INFO: [USF-XSim-4] XSim::Simulate design
INFO: [USF-XSim-61] Executing 'SIMULATE' step in 'E:/pipelined_riscv_processor/pipelined_processor/pipelined_processor.sim/sim_1/behav/xsim'
INFO: [USF-XSim-98] *** Running xsim
   with args "testbench_Top_behav -key {Behavioral:sim_1:Functional:testbench_Top} -tclbatch {testbench_Top.tcl} -log {simulate.log}"
INFO: [USF-XSim-8] Loading simulator feature
Vivado Simulator 2020.1
Time resolution is 1 ps
source testbench_Top.tcl
# set curr_wave [current_wave_config]
# if { [string length $curr_wave] == 0 } {
#   if { [llength [get_objects]] > 0} {
#     add_wave /
#     set_property needs_save false [current_wave_config]
#   } else {
#      send_msg_id Add_Wave-1 WARNING "No top level signals found. Simulator will start without a wave window. If you want to open a wave window go to 'File->New Waveform Configuration' or type 'create_wave_config' in the TCL console."
#   }
# }
# run 1000ns
WARNING: Data truncated while reading Datafile: instructions.mem, while loading at index: 0
WARNING: Data truncated while reading Datafile: instructions.mem, while loading at index: 1
WARNING: Data truncated while reading Datafile: instructions.mem, while loading at index: 2
WARNING: Data truncated while reading Datafile: instructions.mem, while loading at index: 3
WARNING: Data truncated while reading Datafile: instructions.mem, while loading at index: 4
INFO: [USF-XSim-96] XSim completed. Design snapshot 'testbench_Top_behav' loaded.
INFO: [USF-XSim-97] XSim simulation ran for 1000ns
launch_simulation: Time (s): cpu = 00:00:05 ; elapsed = 00:00:12 . Memory (MB): peak = 1217.223 ; gain = 0.000
close_sim
INFO: [Simtcl 6-16] Simulation closed
exit
INFO: [Common 17-206] Exiting Vivado at Tue Apr 18 11:54:22 2023...
